[ 2016-01-15 17:59:07.5291 5666/7f185df6b740 age/Wat/WatchdogMain.cpp:1276 ]: Starting Passenger watchdog...
[ 2016-01-15 17:59:07.5329 5669/7fe3c831c740 age/Cor/CoreMain.cpp:957 ]: Starting Passenger core...
[ 2016-01-15 17:59:07.5330 5669/7fe3c831c740 age/Cor/CoreMain.cpp:234 ]: Passenger core running in multi-application mode.
[ 2016-01-15 17:59:07.5343 5669/7fe3c831c740 age/Cor/CoreMain.cpp:707 ]: Passenger core online, PID 5669
[ 2016-01-15 17:59:07.5387 5677/7fbd13ba9740 age/Ust/UstRouterMain.cpp:504 ]: Starting Passenger UstRouter...
[ 2016-01-15 17:59:07.5390 5677/7fbd13ba9740 age/Ust/UstRouterMain.cpp:317 ]: Passenger UstRouter online, PID 5677
2016/01/15 17:59:09 [error] 5697#0: *4 "/home/jjones2/gitdir/streamtest/logstream/app/views/messages/public/index.html" is not found (2: No such file or directory), client: 127.0.0.1, server: _, request: "HEAD / HTTP/1.1", host: "0.0.0.0"


[ 2016-01-15 17:59:22.7231 5677/7fbd11cbb700 age/Ust/UstRouterMain.cpp:397 ]: Signal received. Gracefully shutting down... (send signal 2 more time(s) to force shutdown)
[ 2016-01-15 17:59:22.7231 5669/7fe3c624f700 age/Cor/CoreMain.cpp:507 ]: Signal received. Gracefully shutting down... (send signal 2 more time(s) to force shutdown)
[ 2016-01-15 17:59:22.7232 5669/7fe3c831c740 age/Cor/CoreMain.cpp:876 ]: Received command to shutdown gracefully. Waiting until all clients have disconnected...
[ 2016-01-15 17:59:22.7232 5677/7fbd13ba9740 age/Ust/UstRouterMain.cpp:467 ]: Received command to shutdown gracefully. Waiting until all clients have disconnected...
[ 2016-01-15 17:59:22.7234 5677/7fbd114ba700 Ser/Server.h:759 ]: [UstRouterApiServer] Freed 0 spare client objects
[ 2016-01-15 17:59:22.7234 5677/7fbd114ba700 Ser/Server.h:444 ]: [UstRouterApiServer] Shutdown finished
[ 2016-01-15 17:59:22.7235 5669/7fe3c59cd700 Ser/Server.h:759 ]: [ServerThr.2] Freed 128 spare client objects
[ 2016-01-15 17:59:22.7236 5669/7fe3c59cd700 Ser/Server.h:444 ]: [ServerThr.2] Shutdown finished
[ 2016-01-15 17:59:22.7237 5677/7fbd11cbb700 Ser/Server.h:444 ]: [UstRouter] Shutdown finished
[ 2016-01-15 17:59:22.7237 5669/7fe3affff700 Ser/Server.h:759 ]: [ApiServer] Freed 0 spare client objects
[ 2016-01-15 17:59:22.7238 5669/7fe3affff700 Ser/Server.h:444 ]: [ApiServer] Shutdown finished
[ 2016-01-15 17:59:22.7238 5669/7fe3c624f700 Ser/Server.h:759 ]: [ServerThr.1] Freed 128 spare client objects
[ 2016-01-15 17:59:22.7238 5669/7fe3c624f700 Ser/Server.h:444 ]: [ServerThr.1] Shutdown finished
[ 2016-01-15 17:59:22.7241 5669/7fe3c514b700 Ser/Server.h:759 ]: [ServerThr.3] Freed 128 spare client objects
[ 2016-01-15 17:59:22.7241 5669/7fe3c48c9700 Ser/Server.h:759 ]: [ServerThr.4] Freed 128 spare client objects
[ 2016-01-15 17:59:22.7241 5669/7fe3c514b700 Ser/Server.h:444 ]: [ServerThr.3] Shutdown finished
[ 2016-01-15 17:59:22.7241 5669/7fe3c48c9700 Ser/Server.h:444 ]: [ServerThr.4] Shutdown finished
[ 2016-01-15 17:59:22.7248 5677/7fbd13ba9740 age/Ust/UstRouterMain.cpp:498 ]: Passenger UstRouter shutdown finished
[ 2016-01-15 17:59:22.7366 5669/7fe3c831c740 age/Cor/CoreMain.cpp:942 ]: Passenger core shutdown finished
